{"/Users/varun/Desktop/Workspace/React Interview/Assignments/Music-Library-MFE/src/MusicLibrary.logic.ts": {"path":"/Users/varun/Desktop/Workspace/React Interview/Assignments/Music-Library-MFE/src/MusicLibrary.logic.ts","statementMap":{"0":{"start":{"line":3,"column":34},"end":{"line":37,"column":null}},"1":{"start":{"line":7,"column":38},"end":{"line":7,"column":null}},"2":{"start":{"line":11,"column":4},"end":{"line":18,"column":null}},"3":{"start":{"line":14,"column":12},"end":{"line":16,"column":null}},"4":{"start":{"line":21,"column":22},"end":{"line":23,"column":null}},"5":{"start":{"line":22,"column":4},"end":{"line":22,"column":null}},"6":{"start":{"line":27,"column":4},"end":{"line":34,"column":null}},"7":{"start":{"line":29,"column":22},"end":{"line":29,"column":null}},"8":{"start":{"line":30,"column":10},"end":{"line":30,"column":null}},"9":{"start":{"line":30,"column":25},"end":{"line":30,"column":null}},"10":{"start":{"line":31,"column":10},"end":{"line":31,"column":null}},"11":{"start":{"line":32,"column":10},"end":{"line":32,"column":null}},"12":{"start":{"line":36,"column":2},"end":{"line":36,"column":null}}},"fnMap":{"0":{"name":"(anonymous_0)","decl":{"start":{"line":3,"column":34},"end":{"line":3,"column":null}},"loc":{"start":{"line":6,"column":5},"end":{"line":37,"column":null}}},"1":{"name":"(anonymous_1)","decl":{"start":{"line":13,"column":10},"end":{"line":13,"column":11}},"loc":{"start":{"line":14,"column":12},"end":{"line":16,"column":null}}},"2":{"name":"(anonymous_2)","decl":{"start":{"line":21,"column":46},"end":{"line":21,"column":47}},"loc":{"start":{"line":22,"column":4},"end":{"line":22,"column":null}}},"3":{"name":"(anonymous_3)","decl":{"start":{"line":28,"column":27},"end":{"line":28,"column":28}},"loc":{"start":{"line":28,"column":42},"end":{"line":33,"column":11}}}},"branchMap":{"0":{"loc":{"start":{"line":11,"column":4},"end":{"line":18,"column":null}},"type":"cond-expr","locations":[{"start":{"line":12,"column":8},"end":{"line":17,"column":null}},{"start":{"line":18,"column":8},"end":{"line":18,"column":null}}]},"1":{"loc":{"start":{"line":14,"column":12},"end":{"line":16,"column":null}},"type":"binary-expr","locations":[{"start":{"line":14,"column":12},"end":{"line":14,"column":null}},{"start":{"line":15,"column":12},"end":{"line":15,"column":null}},{"start":{"line":16,"column":12},"end":{"line":16,"column":null}}]},"2":{"loc":{"start":{"line":27,"column":4},"end":{"line":34,"column":null}},"type":"cond-expr","locations":[{"start":{"line":28,"column":8},"end":{"line":33,"column":null}},{"start":{"line":34,"column":8},"end":{"line":34,"column":null}}]},"3":{"loc":{"start":{"line":30,"column":10},"end":{"line":30,"column":null}},"type":"if","locations":[{"start":{"line":30,"column":10},"end":{"line":30,"column":null}},{"start":{},"end":{}}]}},"s":{"0":1,"1":9,"2":9,"3":8,"4":9,"5":22,"6":9,"7":8,"8":8,"9":6,"10":8,"11":8,"12":9},"f":{"0":9,"1":8,"2":22,"3":8},"b":{"0":[2,7],"1":[8,8,6],"2":[2,7],"3":[6,2]}}
,"/Users/varun/Desktop/Workspace/React Interview/Assignments/Music-Library-MFE/src/MusicLibrary.tsx": {"path":"/Users/varun/Desktop/Workspace/React Interview/Assignments/Music-Library-MFE/src/MusicLibrary.tsx","statementMap":{"0":{"start":{"line":7,"column":31},"end":{"line":98,"column":null}},"1":{"start":{"line":8,"column":46},"end":{"line":12,"column":null}},"2":{"start":{"line":14,"column":25},"end":{"line":17,"column":null}},"3":{"start":{"line":15,"column":10},"end":{"line":15,"column":null}},"4":{"start":{"line":19,"column":2},"end":{"line":19,"column":null}},"5":{"start":{"line":20,"column":2},"end":{"line":96,"column":null}},"6":{"start":{"line":28,"column":10},"end":{"line":28,"column":null}},"7":{"start":{"line":36,"column":12},"end":{"line":39,"column":null}},"8":{"start":{"line":50,"column":12},"end":{"line":53,"column":null}},"9":{"start":{"line":65,"column":12},"end":{"line":71,"column":null}},"10":{"start":{"line":76,"column":10},"end":{"line":93,"column":null}},"11":{"start":{"line":80,"column":16},"end":{"line":90,"column":null}}},"fnMap":{"0":{"name":"(anonymous_0)","decl":{"start":{"line":7,"column":31},"end":{"line":7,"column":37}},"loc":{"start":{"line":7,"column":37},"end":{"line":98,"column":null}}},"1":{"name":"(anonymous_1)","decl":{"start":{"line":15,"column":4},"end":{"line":15,"column":10}},"loc":{"start":{"line":15,"column":10},"end":{"line":15,"column":null}}},"2":{"name":"(anonymous_2)","decl":{"start":{"line":27,"column":18},"end":{"line":27,"column":19}},"loc":{"start":{"line":28,"column":10},"end":{"line":28,"column":null}}},"3":{"name":"(anonymous_3)","decl":{"start":{"line":35,"column":20},"end":{"line":35,"column":21}},"loc":{"start":{"line":36,"column":12},"end":{"line":39,"column":null}}},"4":{"name":"(anonymous_4)","decl":{"start":{"line":49,"column":20},"end":{"line":49,"column":21}},"loc":{"start":{"line":50,"column":12},"end":{"line":53,"column":null}}},"5":{"name":"(anonymous_5)","decl":{"start":{"line":64,"column":35},"end":{"line":64,"column":36}},"loc":{"start":{"line":65,"column":12},"end":{"line":71,"column":null}}},"6":{"name":"(anonymous_6)","decl":{"start":{"line":75,"column":43},"end":{"line":75,"column":44}},"loc":{"start":{"line":76,"column":10},"end":{"line":93,"column":null}}},"7":{"name":"(anonymous_7)","decl":{"start":{"line":79,"column":25},"end":{"line":79,"column":26}},"loc":{"start":{"line":80,"column":16},"end":{"line":90,"column":null}}}},"branchMap":{"0":{"loc":{"start":{"line":62,"column":7},"end":{"line":94,"column":null}},"type":"cond-expr","locations":[{"start":{"line":63,"column":8},"end":{"line":73,"column":null}},{"start":{"line":75,"column":8},"end":{"line":94,"column":null}}]}},"s":{"0":1,"1":9,"2":9,"3":9,"4":9,"5":9,"6":1,"7":1,"8":1,"9":73,"10":1,"11":2},"f":{"0":9,"1":9,"2":1,"3":1,"4":1,"5":73,"6":1,"7":2},"b":{"0":[8,1]}}
,"/Users/varun/Desktop/Workspace/React Interview/Assignments/Music-Library-MFE/src/data/songs.ts": {"path":"/Users/varun/Desktop/Workspace/React Interview/Assignments/Music-Library-MFE/src/data/songs.ts","statementMap":{"0":{"start":{"line":3,"column":27},"end":{"line":190,"column":null}}},"fnMap":{},"branchMap":{},"s":{"0":1},"f":{},"b":{}}
}
